<?xml version="1.0" encoding="UTF-8"?>
<testsuite xmlns:xsi="http://www.w3.org/2001/XMLSchema-instance" xsi:noNamespaceSchemaLocation="https://maven.apache.org/surefire/maven-surefire-plugin/xsd/surefire-test-report.xsd" version="3.0.2" name="TestRunner.Run" time="40.874" tests="1" errors="0" skipped="0" failures="0">
  <properties>
[...]
</properties>
  <testcase name="Successfull Login with Valid Credentials" classname="Login" time="35.913">
    <system-out><![CDATA[
@Sanity
Scenario: Successfull Login with Valid Credentials                       # Features/LoginFeature.feature:5
Setup-Sanity method executed
[DEBUG] Using WebDriverManager 5.9.1
[DEBUG] Resolution chrome=126 in cache (valid until 14:42:43 25/07/2024 IST)
[DEBUG] Resolution chrome126=126.0.6478.182 in cache (valid until 18:30:37 25/07/2024 IST)
[INFO] Using chromedriver 126.0.6478.182 (resolved driver for Chrome 126)
[DEBUG] Driver chromedriver 126.0.6478.182 found in cache
[INFO] Exporting webdriver.chrome.driver as C:\Users\Asus\.cache\selenium\chromedriver\win64\126.0.6478.182\chromedriver.exe
  Given User Launch Chrome Browser                                       # StepDefinition.StepDef.user_launch_chrome_browser()
  When User opens URL "http://admin-demo.nopcommerce.com/login"          # StepDefinition.StepDef.user_opens_url(java.lang.String)
  And User enters Email as "admin@yourstore.com" and Password as "admin" # StepDefinition.StepDef.user_enters_email_as_and_password_as(java.lang.String,java.lang.String)
  And Click on Login                                                     # StepDefinition.StepDef.click_on_login()
  Then Page Title should be "Dashboard / nopCommerce administration"     # StepDefinition.StepDef.page_title_should_be(java.lang.String)
  When User click on Logout link                                         # StepDefinition.StepDef.user_click_on_logout_link()
  And Close the Browser                                                  # StepDefinition.StepDef.close_the_browser()
Tear down method executed....
]]></system-out>
  </testcase>
</testsuite>